<?xml version="1.0" encoding="UTF-8"?>
<testng-results ignored="0" total="1" passed="1" failed="0" skipped="0">
  <reporter-output>
  </reporter-output>
  <suite started-at="2025-02-28T19:01:57 IST" name="Default suite" finished-at="2025-02-28T19:02:09 IST" duration-ms="12118">
    <groups>
    </groups>
    <test started-at="2025-02-28T19:01:57 IST" name="Default test" finished-at="2025-02-28T19:02:09 IST" duration-ms="12118">
      <class name="com.testingone.Demo1">
        <test-method signature="setup()[pri:0, instance:com.testingone.Demo1@5c33f1a9]" started-at="2025-02-28T19:01:57 IST" name="setup" finished-at="2025-02-28T19:02:09 IST" duration-ms="11993" status="PASS">
          <reporter-output>
          </reporter-output>
        </test-method> <!-- setup -->
      </class> <!-- com.testingone.Demo1 -->
    </test> <!-- Default test -->
  </suite> <!-- Default suite -->
</testng-results>
